make[2]: Warning: File 'gtest/gtest/CMakeFiles/gtest.dir/depend.make' has modification time 0,042 s in the future
make[2]: warning:  Clock skew detected.  Your build may be incomplete.
make[2]: Warning: File 'CMakeFiles/longitudinal_control_ros_tool-longitudinal_controller-exec.dir/depend.make' has modification time 0,036 s in the future
make[2]: Warning: File 'CMakeFiles/longitudinal_control_ros_tool-longitudinal_controller-nodelet.dir/depend.make' has modification time 0,036 s in the future
/home/kal5-1/cargogo/src/longitudinal_control_ros_tool/src/longitudinal_controller/longitudinal_controller.cpp:29: error: undefined reference to 'longitudinal_control_ros_tool::LongitudinalController::pathCallback(boost::shared_ptr<nav_msgs::Path_<std::allocator<void> > const> const&)'
collect2: error: ld returned 1 exit status
make[2]: *** [/home/kal5-1/cargogo/devel_debug/.private/longitudinal_control_ros_tool/lib/longitudinal_control_ros_tool/longitudinal_controller] Error 1
make[1]: *** [CMakeFiles/longitudinal_control_ros_tool-longitudinal_controller-exec.dir/all] Error 2
make[1]: *** Waiting for unfinished jobs....
make[2]: warning:  Clock skew detected.  Your build may be incomplete.
make: *** [all] Error 2
