[01m[K/home/kal5-1/cargogo/src/demo_image_processing_ros_tool/src/pylon_detector/pylon_detector.cpp:57:13:[m[K [01;31m[Kerror: [m[Kâ€˜[01m[KCascadeClassifier[m[Kâ€™ is not a member of â€˜[01m[Kcv[m[Kâ€™
     cv::Ptr<cv::CascadeClassifier> classifier,
[01;32m[K             ^[m[K
[01m[K/home/kal5-1/cargogo/src/demo_image_processing_ros_tool/src/pylon_detector/pylon_detector.cpp:57:13:[m[K [01;31m[Kerror: [m[Kâ€˜[01m[KCascadeClassifier[m[Kâ€™ is not a member of â€˜[01m[Kcv[m[Kâ€™
[01m[K/home/kal5-1/cargogo/src/demo_image_processing_ros_tool/src/pylon_detector/pylon_detector.cpp:57:34:[m[K [01;31m[Kerror: [m[Ktemplate argument 1 is invalid
     cv::Ptr<cv::CascadeClassifier> classifier,
[01;32m[K                                  ^[m[K
[01m[K/home/kal5-1/cargogo/src/demo_image_processing_ros_tool/src/pylon_detector/pylon_detector.cpp:[m[K In function â€˜[01m[Kvoid demo_image_processing_ros_tool::detectandDraw(cv::Mat&, cv::Mat&, int, cv::Scalar, double, int, double)[m[Kâ€™:
[01m[K/home/kal5-1/cargogo/src/demo_image_processing_ros_tool/src/pylon_detector/pylon_detector.cpp:72:5:[m[K [01;31m[Kerror: [m[Kâ€˜[01m[Kvector[m[Kâ€™ was not declared in this scope
     vector<cv::Rect> objects;
[01;32m[K     ^[m[K
[01m[K/home/kal5-1/cargogo/src/demo_image_processing_ros_tool/src/pylon_detector/pylon_detector.cpp:72:5:[m[K [01;36m[Knote: [m[Ksuggested alternatives:
In file included from [01m[K/usr/include/c++/5/vector:64:0[m[K,
                 from [01m[K/usr/include/c++/5/bits/random.h:34[m[K,
                 from [01m[K/usr/include/c++/5/random:49[m[K,
                 from [01m[K/usr/include/c++/5/bits/stl_algo.h:66[m[K,
                 from [01m[K/usr/include/c++/5/algorithm:62[m[K,
                 from [01m[K/usr/include/boost/function/detail/prologue.hpp:13[m[K,
                 from [01m[K/usr/include/boost/function.hpp:24[m[K,
                 from [01m[K/opt/ros/kinetic/include/dynamic_reconfigure/server.h:48[m[K,
                 from [01m[K/home/kal5-1/cargogo/src/demo_image_processing_ros_tool/src/pylon_detector/pylon_detector.hpp:3[m[K,
                 from [01m[K/home/kal5-1/cargogo/src/demo_image_processing_ros_tool/src/pylon_detector/pylon_detector.cpp:1[m[K:
[01m[K/usr/include/c++/5/bits/stl_vector.h:214:11:[m[K [01;36m[Knote: [m[K  â€˜[01m[Kstd::vector[m[Kâ€™
     class vector : protected _Vector_base<_Tp, _Alloc>
[01;32m[K           ^[m[K
In file included from [01m[K/usr/include/boost/mpl/aux_/include_preprocessed.hpp:37:0[m[K,
                 from [01m[K/usr/include/boost/mpl/vector.hpp:46[m[K,
                 from [01m[K/usr/include/boost/math/policies/policy.hpp:14[m[K,
                 from [01m[K/usr/include/boost/math/policies/error_handling.hpp:19[m[K,
                 from [01m[K/usr/include/boost/math/special_functions/round.hpp:14[m[K,
                 from [01m[K/opt/ros/kinetic/include/ros/time.h:58[m[K,
                 from [01m[K/opt/ros/kinetic/include/ros/forwards.h:42[m[K,
                 from [01m[K/opt/ros/kinetic/include/ros/node_handle.h:31[m[K,
                 from [01m[K/opt/ros/kinetic/include/dynamic_reconfigure/server.h:50[m[K,
                 from [01m[K/home/kal5-1/cargogo/src/demo_image_processing_ros_tool/src/pylon_detector/pylon_detector.hpp:3[m[K,
                 from [01m[K/home/kal5-1/cargogo/src/demo_image_processing_ros_tool/src/pylon_detector/pylon_detector.cpp:1[m[K:
[01m[K/usr/include/boost/mpl/aux_/preprocessed/gcc/vector.hpp:22:8:[m[K [01;36m[Knote: [m[K  â€˜[01m[Kboost::mpl::vector[m[Kâ€™
 struct vector;
[01;32m[K        ^[m[K
In file included from [01m[K/usr/include/boost/lexical_cast/detail/converter_lexical.hpp:51:0[m[K,
                 from [01m[K/usr/include/boost/lexical_cast/try_lexical_convert.hpp:34[m[K,
                 from [01m[K/usr/include/boost/lexical_cast.hpp:32[m[K,
                 from [01m[K/opt/ros/kinetic/include/ros/transport_hints.h:34[m[K,
                 from [01m[K/opt/ros/kinetic/include/ros/subscribe_options.h:33[m[K,
                 from [01m[K/opt/ros/kinetic/include/ros/node_handle.h:42[m[K,
                 from [01m[K/opt/ros/kinetic/include/dynamic_reconfigure/server.h:50[m[K,
                 from [01m[K/home/kal5-1/cargogo/src/demo_image_processing_ros_tool/src/pylon_detector/pylon_detector.hpp:3[m[K,
                 from [01m[K/home/kal5-1/cargogo/src/demo_image_processing_ros_tool/src/pylon_detector/pylon_detector.cpp:1[m[K:
[01m[K/usr/include/boost/container/container_fwd.hpp:92:7:[m[K [01;36m[Knote: [m[K  â€˜[01m[Kboost::container::vector[m[Kâ€™
 class vector;
[01;32m[K       ^[m[K
[01m[K/home/kal5-1/cargogo/src/demo_image_processing_ros_tool/src/pylon_detector/pylon_detector.cpp:72:20:[m[K [01;31m[Kerror: [m[Kexpected primary-expression before â€˜[01m[K>[m[Kâ€™ token
     vector<cv::Rect> objects;
[01;32m[K                    ^[m[K
[01m[K/home/kal5-1/cargogo/src/demo_image_processing_ros_tool/src/pylon_detector/pylon_detector.cpp:72:22:[m[K [01;31m[Kerror: [m[Kâ€˜[01m[Kobjects[m[Kâ€™ was not declared in this scope
     vector<cv::Rect> objects;
[01;32m[K                      ^[m[K
[01m[K/home/kal5-1/cargogo/src/demo_image_processing_ros_tool/src/pylon_detector/pylon_detector.cpp:73:15:[m[K [01;31m[Kerror: [m[Kbase operand of â€˜[01m[K->[m[Kâ€™ is not a pointer
     classifier->detectMultiScale(
[01;32m[K               ^[m[K
[01m[K/home/kal5-1/cargogo/src/demo_image_processing_ros_tool/src/pylon_detector/pylon_detector.cpp:87:29:[m[K [01;31m[Kerror: [m[Kexpected primary-expression before â€˜[01m[K>[m[Kâ€™ token
         for (vector<cv::Rect>::iterator r = objects.begin();
[01;32m[K                             ^[m[K
[01m[K/home/kal5-1/cargogo/src/demo_image_processing_ros_tool/src/pylon_detector/pylon_detector.cpp:87:30:[m[K [01;31m[Kerror: [m[Kâ€˜[01m[K::iterator[m[Kâ€™ has not been declared
         for (vector<cv::Rect>::iterator r = objects.begin();
[01;32m[K                              ^[m[K
[01m[K/home/kal5-1/cargogo/src/demo_image_processing_ros_tool/src/pylon_detector/pylon_detector.cpp:87:30:[m[K [01;36m[Knote: [m[Ksuggested alternatives:
In file included from [01m[K/usr/include/c++/5/bits/stl_algobase.h:65:0[m[K,
                 from [01m[K/usr/include/c++/5/bits/char_traits.h:39[m[K,
                 from [01m[K/usr/include/c++/5/string:40[m[K,
                 from [01m[K/usr/include/c++/5/stdexcept:39[m[K,
                 from [01m[K/usr/include/c++/5/array:38[m[K,
                 from [01m[K/usr/include/c++/5/tuple:39[m[K,
                 from [01m[K/usr/include/c++/5/functional:55[m[K,
                 from [01m[K/usr/include/boost/function.hpp:13[m[K,
                 from [01m[K/opt/ros/kinetic/include/dynamic_reconfigure/server.h:48[m[K,
                 from [01m[K/home/kal5-1/cargogo/src/demo_image_processing_ros_tool/src/pylon_detector/pylon_detector.hpp:3[m[K,
                 from [01m[K/home/kal5-1/cargogo/src/demo_image_processing_ros_tool/src/pylon_detector/pylon_detector.cpp:1[m[K:
[01m[K/usr/include/c++/5/bits/stl_iterator_base_types.h:118:12:[m[K [01;36m[Knote: [m[K  â€˜[01m[Kstd::iterator[m[Kâ€™
     struct iterator
[01;32m[K            ^[m[K
[01m[K/usr/include/c++/5/bits/stl_iterator_base_types.h:118:12:[m[K [01;36m[Knote: [m[K  â€˜[01m[Kstd::iterator[m[Kâ€™
[01m[K/usr/include/c++/5/bits/stl_iterator_base_types.h:118:12:[m[K [01;36m[Knote: [m[K  â€˜[01m[Kstd::iterator[m[Kâ€™
[01m[K/home/kal5-1/cargogo/src/demo_image_processing_ros_tool/src/pylon_detector/pylon_detector.cpp:88:17:[m[K [01;31m[Kerror: [m[Kâ€˜[01m[Kr[m[Kâ€™ was not declared in this scope
                 r != objects.end(); r++, i++){
[01;32m[K                 ^[m[K
[01m[K/home/kal5-1/cargogo/src/demo_image_processing_ros_tool/src/pylon_detector/pylon_detector.cpp:99:21:[m[K [01;31m[Kerror: [m[Kâ€˜[01m[Kout_image[m[Kâ€™ was not declared in this scope
          img.copyTo(out_image, mask);
[01;32m[K                     ^[m[K
[01m[K/home/kal5-1/cargogo/src/demo_image_processing_ros_tool/src/pylon_detector/pylon_detector.cpp:101:42:[m[K [01;31m[Kerror: [m[Kâ€˜[01m[Khmin[m[Kâ€™ was not declared in this scope
          cv::inRange(img_hsv, cv::Scalar(hmin, smin, vmin), cv::Scalar(hmax, smax, vmax), img_result2);
[01;32m[K                                          ^[m[K
[01m[K/home/kal5-1/cargogo/src/demo_image_processing_ros_tool/src/pylon_detector/pylon_detector.cpp:101:48:[m[K [01;31m[Kerror: [m[Kâ€˜[01m[Ksmin[m[Kâ€™ was not declared in this scope
          cv::inRange(img_hsv, cv::Scalar(hmin, smin, vmin), cv::Scalar(hmax, smax, vmax), img_result2);
[01;32m[K                                                ^[m[K
[01m[K/home/kal5-1/cargogo/src/demo_image_processing_ros_tool/src/pylon_detector/pylon_detector.cpp:101:54:[m[K [01;31m[Kerror: [m[Kâ€˜[01m[Kvmin[m[Kâ€™ was not declared in this scope
          cv::inRange(img_hsv, cv::Scalar(hmin, smin, vmin), cv::Scalar(hmax, smax, vmax), img_result2);
[01;32m[K                                                      ^[m[K
[01m[K/home/kal5-1/cargogo/src/demo_image_processing_ros_tool/src/pylon_detector/pylon_detector.cpp:101:72:[m[K [01;31m[Kerror: [m[Kâ€˜[01m[Khmax[m[Kâ€™ was not declared in this scope
          cv::inRange(img_hsv, cv::Scalar(hmin, smin, vmin), cv::Scalar(hmax, smax, vmax), img_result2);
[01;32m[K                                                                        ^[m[K
[01m[K/home/kal5-1/cargogo/src/demo_image_processing_ros_tool/src/pylon_detector/pylon_detector.cpp:101:78:[m[K [01;31m[Kerror: [m[Kâ€˜[01m[Ksmax[m[Kâ€™ was not declared in this scope
          cv::inRange(img_hsv, cv::Scalar(hmin, smin, vmin), cv::Scalar(hmax, smax, vmax), img_result2);
[01;32m[K                                                                              ^[m[K
[01m[K/home/kal5-1/cargogo/src/demo_image_processing_ros_tool/src/pylon_detector/pylon_detector.cpp:101:84:[m[K [01;31m[Kerror: [m[Kâ€˜[01m[Kvmax[m[Kâ€™ was not declared in this scope
          cv::inRange(img_hsv, cv::Scalar(hmin, smin, vmin), cv::Scalar(hmax, smax, vmax), img_result2);
[01;32m[K                                                                                    ^[m[K
[01m[K/home/kal5-1/cargogo/src/demo_image_processing_ros_tool/src/pylon_detector/pylon_detector.cpp:[m[K In member function â€˜[01m[Kvoid demo_image_processing_ros_tool::PylonDetector::callbackSubscriber(const ConstPtr&, const ConstPtr&)[m[Kâ€™:
[01m[K/home/kal5-1/cargogo/src/demo_image_processing_ros_tool/src/pylon_detector/pylon_detector.cpp:143:13:[m[K [01;31m[Kerror: [m[Kâ€˜[01m[KCascadeClassifier[m[Kâ€™ is not a member of â€˜[01m[Kcv[m[Kâ€™
     cv::Ptr<cv::CascadeClassifier> cascade_classifier_stop(new cv::CascadeClassifier("/home/kal5-4/Desktop/classifier/cascade.xml"));
[01;32m[K             ^[m[K
[01m[K/home/kal5-1/cargogo/src/demo_image_processing_ros_tool/src/pylon_detector/pylon_detector.cpp:143:13:[m[K [01;31m[Kerror: [m[Kâ€˜[01m[KCascadeClassifier[m[Kâ€™ is not a member of â€˜[01m[Kcv[m[Kâ€™
[01m[K/home/kal5-1/cargogo/src/demo_image_processing_ros_tool/src/pylon_detector/pylon_detector.cpp:143:34:[m[K [01;31m[Kerror: [m[Ktemplate argument 1 is invalid
     cv::Ptr<cv::CascadeClassifier> cascade_classifier_stop(new cv::CascadeClassifier("/home/kal5-4/Desktop/classifier/cascade.xml"));
[01;32m[K                                  ^[m[K
[01m[K/home/kal5-1/cargogo/src/demo_image_processing_ros_tool/src/pylon_detector/pylon_detector.cpp:143:64:[m[K [01;31m[Kerror: [m[Kexpected type-specifier
     cv::Ptr<cv::CascadeClassifier> cascade_classifier_stop(new cv::CascadeClassifier("/home/kal5-4/Desktop/classifier/cascade.xml"));
[01;32m[K                                                                ^[m[K
[01m[K/home/kal5-1/cargogo/src/demo_image_processing_ros_tool/src/pylon_detector/pylon_detector.cpp:144:26:[m[K [01;31m[Kerror: [m[Kbinding â€˜[01m[Kconst cv::Mat[m[Kâ€™ to reference of type â€˜[01m[Kcv::Mat&[m[Kâ€™ discards qualifiers
     detectandDraw(cv_in->image, cv_out->image, cascade_classifier_stop, cv::Scalar(0, 0, 255), 1.15, 5, 1.3);
[01;32m[K                          ^[m[K
[01m[K/home/kal5-1/cargogo/src/demo_image_processing_ros_tool/src/pylon_detector/pylon_detector.cpp:54:6:[m[K [01;36m[Knote: [m[K  initializing argument 1 of â€˜[01m[Kvoid demo_image_processing_ros_tool::detectandDraw(cv::Mat&, cv::Mat&, int, cv::Scalar, double, int, double)[m[Kâ€™
 void detectandDraw(
[01;32m[K      ^[m[K
In file included from [01m[K/opt/ros/kinetic/include/ros/assert.h:35:0[m[K,
                 from [01m[K/opt/ros/kinetic/include/ros/common.h:36[m[K,
                 from [01m[K/opt/ros/kinetic/include/ros/publisher.h:32[m[K,
                 from [01m[K/opt/ros/kinetic/include/ros/node_handle.h:32[m[K,
                 from [01m[K/opt/ros/kinetic/include/dynamic_reconfigure/server.h:50[m[K,
                 from [01m[K/home/kal5-1/cargogo/src/demo_image_processing_ros_tool/src/pylon_detector/pylon_detector.hpp:3[m[K,
                 from [01m[K/home/kal5-1/cargogo/src/demo_image_processing_ros_tool/src/pylon_detector/pylon_detector.cpp:1[m[K:
[01m[K/home/kal5-1/cargogo/src/demo_image_processing_ros_tool/src/pylon_detector/pylon_detector.cpp:151:56:[m[K [01;31m[Kerror: [m[Kâ€˜[01m[Kcount[m[Kâ€™ was not declared in this scope
     ROS_DEBUG_STREAM("Number of segmented pixels: " << count);
[01;32m[K                                                        ^[m[K
[01m[K/opt/ros/kinetic/include/ros/console.h:356:64:[m[K [01;36m[Knote: [m[Kin definition of macro â€˜[01m[KROSCONSOLE_PRINT_STREAM_AT_LOCATION_WITH_FILTER[m[Kâ€™
     __rosconsole_print_stream_at_location_with_filter__ss__ << args; \
[01;32m[K                                                                ^[m[K
[01m[K/opt/ros/kinetic/include/ros/console.h:398:7:[m[K [01;36m[Knote: [m[Kin expansion of macro â€˜[01m[KROSCONSOLE_PRINT_STREAM_AT_LOCATION[m[Kâ€™
       ROSCONSOLE_PRINT_STREAM_AT_LOCATION(args); \
[01;32m[K       ^[m[K
[01m[K/opt/ros/kinetic/include/ros/console.h:568:43:[m[K [01;36m[Knote: [m[Kin expansion of macro â€˜[01m[KROS_LOG_STREAM_COND[m[Kâ€™
 #define ROS_LOG_STREAM(level, name, args) ROS_LOG_STREAM_COND(true, level, name, args)
[01;32m[K                                           ^[m[K
[01m[K/opt/ros/kinetic/include/rosconsole/macros_generated.h:59:32:[m[K [01;36m[Knote: [m[Kin expansion of macro â€˜[01m[KROS_LOG_STREAM[m[Kâ€™
 #define ROS_DEBUG_STREAM(args) ROS_LOG_STREAM(::ros::console::levels::Debug, ROSCONSOLE_DEFAULT_NAME, args)
[01;32m[K                                ^[m[K
[01m[K/home/kal5-1/cargogo/src/demo_image_processing_ros_tool/src/pylon_detector/pylon_detector.cpp:151:5:[m[K [01;36m[Knote: [m[Kin expansion of macro â€˜[01m[KROS_DEBUG_STREAM[m[Kâ€™
     ROS_DEBUG_STREAM("Number of segmented pixels: " << count);
[01;32m[K     ^[m[K
[01m[K/home/kal5-1/cargogo/src/demo_image_processing_ros_tool/src/pylon_detector/pylon_detector.cpp:151:56:[m[K [01;36m[Knote: [m[Ksuggested alternative:
     ROS_DEBUG_STREAM("Number of segmented pixels: " << count);
[01;32m[K                                                        ^[m[K
[01m[K/opt/ros/kinetic/include/ros/console.h:356:64:[m[K [01;36m[Knote: [m[Kin definition of macro â€˜[01m[KROSCONSOLE_PRINT_STREAM_AT_LOCATION_WITH_FILTER[m[Kâ€™
     __rosconsole_print_stream_at_location_with_filter__ss__ << args; \
[01;32m[K                                                                ^[m[K
[01m[K/opt/ros/kinetic/include/ros/console.h:398:7:[m[K [01;36m[Knote: [m[Kin expansion of macro â€˜[01m[KROSCONSOLE_PRINT_STREAM_AT_LOCATION[m[Kâ€™
       ROSCONSOLE_PRINT_STREAM_AT_LOCATION(args); \
[01;32m[K       ^[m[K
[01m[K/opt/ros/kinetic/include/ros/console.h:568:43:[m[K [01;36m[Knote: [m[Kin expansion of macro â€˜[01m[KROS_LOG_STREAM_COND[m[Kâ€™
 #define ROS_LOG_STREAM(level, name, args) ROS_LOG_STREAM_COND(true, level, name, args)
[01;32m[K                                           ^[m[K
[01m[K/opt/ros/kinetic/include/rosconsole/macros_generated.h:59:32:[m[K [01;36m[Knote: [m[Kin expansion of macro â€˜[01m[KROS_LOG_STREAM[m[Kâ€™
 #define ROS_DEBUG_STREAM(args) ROS_LOG_STREAM(::ros::console::levels::Debug, ROSCONSOLE_DEFAULT_NAME, args)
[01;32m[K                                ^[m[K
[01m[K/home/kal5-1/cargogo/src/demo_image_processing_ros_tool/src/pylon_detector/pylon_detector.cpp:151:5:[m[K [01;36m[Knote: [m[Kin expansion of macro â€˜[01m[KROS_DEBUG_STREAM[m[Kâ€™
     ROS_DEBUG_STREAM("Number of segmented pixels: " << count);
[01;32m[K     ^[m[K
In file included from [01m[K/usr/include/c++/5/algorithm:62:0[m[K,
                 from [01m[K/usr/include/boost/function/detail/prologue.hpp:13[m[K,
                 from [01m[K/usr/include/boost/function.hpp:24[m[K,
                 from [01m[K/opt/ros/kinetic/include/dynamic_reconfigure/server.h:48[m[K,
                 from [01m[K/home/kal5-1/cargogo/src/demo_image_processing_ros_tool/src/pylon_detector/pylon_detector.hpp:3[m[K,
                 from [01m[K/home/kal5-1/cargogo/src/demo_image_processing_ros_tool/src/pylon_detector/pylon_detector.cpp:1[m[K:
[01m[K/usr/include/c++/5/bits/stl_algo.h:3959:5:[m[K [01;36m[Knote: [m[K  â€˜[01m[Kstd::count[m[Kâ€™
     count(_InputIterator __first, _InputIterator __last, const _Tp& __value)
[01;32m[K     ^[m[K
[01m[K/home/kal5-1/cargogo/src/demo_image_processing_ros_tool/src/pylon_detector/pylon_detector.cpp:153:27:[m[K [01;31m[Kerror: [m[Kâ€˜[01m[Kcount[m[Kâ€™ was not declared in this scope
     const bool activate = count < params_.threshold;
[01;32m[K                           ^[m[K
[01m[K/home/kal5-1/cargogo/src/demo_image_processing_ros_tool/src/pylon_detector/pylon_detector.cpp:153:27:[m[K [01;36m[Knote: [m[Ksuggested alternative:
In file included from [01m[K/usr/include/c++/5/algorithm:62:0[m[K,
                 from [01m[K/usr/include/boost/function/detail/prologue.hpp:13[m[K,
                 from [01m[K/usr/include/boost/function.hpp:24[m[K,
                 from [01m[K/opt/ros/kinetic/include/dynamic_reconfigure/server.h:48[m[K,
                 from [01m[K/home/kal5-1/cargogo/src/demo_image_processing_ros_tool/src/pylon_detector/pylon_detector.hpp:3[m[K,
                 from [01m[K/home/kal5-1/cargogo/src/demo_image_processing_ros_tool/src/pylon_detector/pylon_detector.cpp:1[m[K:
[01m[K/usr/include/c++/5/bits/stl_algo.h:3959:5:[m[K [01;36m[Knote: [m[K  â€˜[01m[Kstd::count[m[Kâ€™
     count(_InputIterator __first, _InputIterator __last, const _Tp& __value)
[01;32m[K     ^[m[K
make[2]: *** [CMakeFiles/demo_image_processing_ros_tool-pylon_detector-nodelet.dir/src/pylon_detector/pylon_detector.cpp.o] Error 1
make[1]: *** [CMakeFiles/demo_image_processing_ros_tool-pylon_detector-nodelet.dir/all] Error 2
make: *** [all] Error 2
