[ 20%] Built target path_provider_ros_tool_gencfg
[ 30%] Built target path_provider_ros_tool_genparam
[ 30%] Built target tf2_msgs_generate_messages_nodejs
[ 30%] Built target traffic_sign_detection_ros_tool_generate_messages_eus
[ 40%] Built target nodelet_generate_messages_eus
[ 50%] Built target gtest
[ 50%] Built target bond_generate_messages_lisp
[ 50%] Built target topic_tools_generate_messages_cpp
[ 50%] Built target topic_tools_generate_messages_eus
[ 50%] Built target bond_generate_messages_eus
[ 50%] Built target roscpp_generate_messages_eus
[ 50%] Built target std_srvs_generate_messages_nodejs
[ 50%] Built target std_msgs_generate_messages_nodejs
[ 50%] Built target geometry_msgs_generate_messages_cpp
[ 50%] Built target nodelet_generate_messages_py
[ 50%] Built target roscpp_generate_messages_cpp
[ 50%] Built target rosgraph_msgs_generate_messages_nodejs
[ 50%] Built target bond_generate_messages_cpp
[ 50%] Built target nodelet_generate_messages_lisp
[ 50%] Built target geometry_msgs_generate_messages_py
[ 50%] Built target geometry_msgs_generate_messages_lisp
[ 50%] Built target std_msgs_generate_messages_lisp
[ 50%] Built target bond_generate_messages_py
[ 50%] Built target bond_generate_messages_nodejs
[ 50%] Built target dynamic_reconfigure_generate_messages_nodejs
[ 50%] Built target dynamic_reconfigure_generate_messages_eus
[ 50%] Built target dynamic_reconfigure_generate_messages_cpp
[ 50%] Built target roscpp_generate_messages_nodejs
[ 50%] Built target std_srvs_generate_messages_cpp
[ 50%] Built target rosgraph_msgs_generate_messages_lisp
[ 50%] Built target nodelet_generate_messages_cpp
[ 50%] Built target tf2_msgs_generate_messages_eus
[ 50%] Built target dynamic_reconfigure_gencfg
[ 50%] Built target std_msgs_generate_messages_cpp
[ 50%] Built target geometry_msgs_generate_messages_nodejs
[ 50%] Built target rosgraph_msgs_generate_messages_cpp
[ 50%] Built target geometry_msgs_generate_messages_eus
[ 50%] Built target actionlib_generate_messages_nodejs
[ 50%] Built target std_srvs_generate_messages_lisp
[ 50%] Built target dynamic_reconfigure_generate_messages_lisp
[ 50%] Built target std_srvs_generate_messages_py
[ 50%] Built target std_msgs_generate_messages_py
[ 50%] Built target rosgraph_msgs_generate_messages_eus
[ 50%] Built target roscpp_generate_messages_py
[ 50%] Built target topic_tools_generate_messages_lisp
[ 50%] Built target topic_tools_generate_messages_nodejs
[35m[1mScanning dependencies of target longitudinal_control_ros_tool_generate_messages_cpp[0m
[ 50%] Built target topic_tools_generate_messages_py
[35m[1mScanning dependencies of target longitudinal_control_ros_tool_generate_messages_py[0m
[ 50%] Built target actionlib_msgs_generate_messages_nodejs
[ 50%] Built target tf2_msgs_generate_messages_py
[35m[1mScanning dependencies of target longitudinal_control_ros_tool_generate_messages_lisp[0m
[ 50%] Built target std_srvs_generate_messages_eus
[ 50%] Built target longitudinal_control_ros_tool_generate_messages_cpp
[ 50%] Built target actionlib_msgs_generate_messages_py
[ 50%] Built target longitudinal_control_ros_tool_generate_messages_py
[ 50%] Built target longitudinal_control_ros_tool_generate_messages_lisp
[ 50%] Built target rosgraph_msgs_generate_messages_py
[ 50%] Built target actionlib_generate_messages_cpp
[ 50%] Built target std_msgs_generate_messages_eus
[ 50%] Built target roscpp_generate_messages_lisp
[ 50%] Built target actionlib_generate_messages_eus
[ 50%] Built target actionlib_generate_messages_lisp
[35m[1mScanning dependencies of target longitudinal_control_ros_tool_gencfg[0m
[ 50%] Built target actionlib_msgs_generate_messages_eus
[35m[1mScanning dependencies of target longitudinal_control_ros_tool_generate_messages_eus[0m
[ 50%] Built target dynamic_reconfigure_generate_messages_py
[ 50%] Built target actionlib_generate_messages_py
[ 50%] Built target longitudinal_control_ros_tool_gencfg
[ 50%] Built target actionlib_msgs_generate_messages_lisp
[ 50%] Built target tf2_msgs_generate_messages_cpp
[ 50%] Built target longitudinal_control_ros_tool_generate_messages_eus
[35m[1mScanning dependencies of target longitudinal_control_ros_tool_generate_messages_nodejs[0m
[ 50%] Built target tf2_msgs_generate_messages_lisp
[ 50%] Built target traffic_sign_detection_ros_tool_generate_messages_cpp
[ 50%] Built target traffic_sign_detection_ros_tool_generate_messages_lisp
[ 50%] Built target traffic_sign_detection_ros_tool_generate_messages_nodejs
[ 50%] Built target longitudinal_control_ros_tool_generate_messages_nodejs
[ 50%] Built target traffic_sign_detection_ros_tool_geninterface
[35m[1mScanning dependencies of target longitudinal_control_ros_tool_genparam[0m
[ 50%] Built target traffic_sign_detection_ros_tool_generate_messages_py
[ 50%] Built target nodelet_generate_messages_nodejs
[ 50%] Built target actionlib_msgs_generate_messages_cpp
[ 50%] Built target longitudinal_control_ros_tool_genparam
[35m[1mScanning dependencies of target path_provider_ros_tool-path_provider-nodelet[0m
[ 60%] [32mBuilding CXX object CMakeFiles/path_provider_ros_tool-path_provider-nodelet.dir/src/path_provider/path_provider.cpp.o[0m
[ 70%] [32mBuilding CXX object CMakeFiles/path_provider_ros_tool-path_provider-nodelet.dir/src/path_provider/path_provider_nodelet.cpp.o[0m
In file included from [01m[K/home/kal5-1/cargogo/src/path_provider_ros_tool/src/path_provider/path_provider_nodelet.cpp:5:0[m[K:
[01m[K/home/kal5-1/cargogo/src/path_provider_ros_tool/src/path_provider/path_provider.hpp:22:25:[m[K [01;31m[Kerror: [m[Kâ€˜[01m[Klongitudinal_ros_tool[m[Kâ€™ does not name a type
     using VeloService = longitudinal_ros_tool::veloservice;
[01;32m[K                         ^[m[K
In file included from [01m[K/home/kal5-1/cargogo/src/path_provider_ros_tool/src/path_provider/path_provider.cpp:1:0[m[K:
[01m[K/home/kal5-1/cargogo/src/path_provider_ros_tool/src/path_provider/path_provider.hpp:22:25:[m[K [01;31m[Kerror: [m[Kâ€˜[01m[Klongitudinal_ros_tool[m[Kâ€™ does not name a type
     using VeloService = longitudinal_ros_tool::veloservice;
[01;32m[K                         ^[m[K
[01m[K/home/kal5-1/cargogo/src/path_provider_ros_tool/src/path_provider/path_provider.cpp:[m[K In constructor â€˜[01m[Kpath_provider_ros_tool::PathProvider::PathProvider(ros::NodeHandle, ros::NodeHandle)[m[Kâ€™:
[01m[K/home/kal5-1/cargogo/src/path_provider_ros_tool/src/path_provider/path_provider.cpp:162:45:[m[K [01;31m[Kerror: [m[Kâ€˜[01m[KVeloService[m[Kâ€™ was not declared in this scope
     motor_client_ = nh_public.serviceClient<VeloService>("/longitudinal_controller/velo_controller");
[01;32m[K                                             ^[m[K
[01m[K/home/kal5-1/cargogo/src/path_provider_ros_tool/src/path_provider/path_provider.cpp:162:100:[m[K [01;31m[Kerror: [m[Kno matching function for call to â€˜[01m[Kros::NodeHandle::serviceClient(const char [41])[m[Kâ€™
     motor_client_ = nh_public.serviceClient<VeloService>("/longitudinal_controller/velo_controller");
[01;32m[K                                                                                                    ^[m[K
In file included from [01m[K/opt/ros/kinetic/include/dynamic_reconfigure/server.h:50:0[m[K,
                 from [01m[K/home/kal5-1/cargogo/src/path_provider_ros_tool/src/path_provider/path_provider.hpp:3[m[K,
                 from [01m[K/home/kal5-1/cargogo/src/path_provider_ros_tool/src/path_provider/path_provider.cpp:1[m[K:
[01m[K/opt/ros/kinetic/include/ros/node_handle.h:1240:17:[m[K [01;36m[Knote: [m[Kcandidate: template<class MReq, class MRes> ros::ServiceClient ros::NodeHandle::serviceClient(const string&, bool, const M_string&)
   ServiceClient serviceClient(const std::string& service_name, bool persistent = false, 
[01;32m[K                 ^[m[K
[01m[K/opt/ros/kinetic/include/ros/node_handle.h:1240:17:[m[K [01;36m[Knote: [m[K  template argument deduction/substitution failed:
[01m[K/home/kal5-1/cargogo/src/path_provider_ros_tool/src/path_provider/path_provider.cpp:162:100:[m[K [01;31m[Kerror: [m[Ktemplate argument 1 is invalid
     motor_client_ = nh_public.serviceClient<VeloService>("/longitudinal_controller/velo_controller");
[01;32m[K                                                                                                    ^[m[K
In file included from [01m[K/opt/ros/kinetic/include/dynamic_reconfigure/server.h:50:0[m[K,
                 from [01m[K/home/kal5-1/cargogo/src/path_provider_ros_tool/src/path_provider/path_provider.hpp:3[m[K,
                 from [01m[K/home/kal5-1/cargogo/src/path_provider_ros_tool/src/path_provider/path_provider.cpp:1[m[K:
[01m[K/opt/ros/kinetic/include/ros/node_handle.h:1260:17:[m[K [01;36m[Knote: [m[Kcandidate: template<class Service> ros::ServiceClient ros::NodeHandle::serviceClient(const string&, bool, const M_string&)
   ServiceClient serviceClient(const std::string& service_name, bool persistent = false, 
[01;32m[K                 ^[m[K
[01m[K/opt/ros/kinetic/include/ros/node_handle.h:1260:17:[m[K [01;36m[Knote: [m[K  template argument deduction/substitution failed:
[01m[K/home/kal5-1/cargogo/src/path_provider_ros_tool/src/path_provider/path_provider.cpp:162:100:[m[K [01;31m[Kerror: [m[Ktemplate argument 1 is invalid
     motor_client_ = nh_public.serviceClient<VeloService>("/longitudinal_controller/velo_controller");
[01;32m[K                                                                                                    ^[m[K
[01m[K/home/kal5-1/cargogo/src/path_provider_ros_tool/src/path_provider/path_provider.cpp:[m[K In member function â€˜[01m[Kvoid path_provider_ros_tool::PathProvider::StopSignCallback(bool, double)[m[Kâ€™:
[01m[K/home/kal5-1/cargogo/src/path_provider_ros_tool/src/path_provider/path_provider.cpp:449:2:[m[K [01;31m[Kerror: [m[Kâ€˜[01m[KVeloService[m[Kâ€™ was not declared in this scope
  VeloService srv;
[01;32m[K  ^[m[K
[01m[K/home/kal5-1/cargogo/src/path_provider_ros_tool/src/path_provider/path_provider.cpp:450:2:[m[K [01;31m[Kerror: [m[Kâ€˜[01m[Ksrv[m[Kâ€™ was not declared in this scope
  srv.request.activate = activate;
[01;32m[K  ^[m[K
CMakeFiles/path_provider_ros_tool-path_provider-nodelet.dir/build.make:86: recipe for target 'CMakeFiles/path_provider_ros_tool-path_provider-nodelet.dir/src/path_provider/path_provider_nodelet.cpp.o' failed
make[2]: *** [CMakeFiles/path_provider_ros_tool-path_provider-nodelet.dir/src/path_provider/path_provider_nodelet.cpp.o] Error 1
make[2]: *** Waiting for unfinished jobs....
CMakeFiles/path_provider_ros_tool-path_provider-nodelet.dir/build.make:62: recipe for target 'CMakeFiles/path_provider_ros_tool-path_provider-nodelet.dir/src/path_provider/path_provider.cpp.o' failed
make[2]: *** [CMakeFiles/path_provider_ros_tool-path_provider-nodelet.dir/src/path_provider/path_provider.cpp.o] Error 1
CMakeFiles/Makefile2:2675: recipe for target 'CMakeFiles/path_provider_ros_tool-path_provider-nodelet.dir/all' failed
make[1]: *** [CMakeFiles/path_provider_ros_tool-path_provider-nodelet.dir/all] Error 2
Makefile:138: recipe for target 'all' failed
make: *** [all] Error 2
