[01m[K/home/kal5-1/cargogo/src/longitudinal_control_ros_tool/src/longitudinal_controller/longitudinal_controller.cpp:[m[K In member function â€˜[01m[Kvoid longitudinal_control_ros_tool::LongitudinalController::controlLoopCallback(const ros::TimerEvent&)[m[Kâ€™:
[01m[K/home/kal5-1/cargogo/src/longitudinal_control_ros_tool/src/longitudinal_controller/longitudinal_controller.cpp:151:20:[m[K [01;31m[Kerror: [m[Kâ€˜[01m[Kmy_velocity_[m[Kâ€™ was not declared in this scope
     new_velocity = my_velocity_;
[01;32m[K                    ^[m[K
[01m[K/home/kal5-1/cargogo/src/longitudinal_control_ros_tool/src/longitudinal_controller/longitudinal_controller.cpp:154:26:[m[K [01;31m[Kerror: [m[Kâ€˜[01m[Kmy_velocity_[m[Kâ€™ was not declared in this scope
     new_velocity = 0.2 * my_velocity_ + 0.8 * new_velocity;
[01;32m[K                          ^[m[K
make[2]: *** [CMakeFiles/longitudinal_control_ros_tool-longitudinal_controller-nodelet.dir/src/longitudinal_controller/longitudinal_controller.cpp.o] Error 1
make[1]: *** [CMakeFiles/longitudinal_control_ros_tool-longitudinal_controller-nodelet.dir/all] Error 2
make: *** [all] Error 2
